2023-04-29 11:41:13.091  INFO 17288 --- [main] com.crm.Crm.CrmApplication               : Starting CrmApplication using Java 17.0.4.1 on DESKTOP-K9VT9F2 with PID 17288 (C:\Users\NIZAR\IdeaProjects\crm-backend\target\classes started by NIZAR in C:\Users\NIZAR\IdeaProjects\crm-backend)
2023-04-29 11:41:13.110  INFO 17288 --- [main] com.crm.Crm.CrmApplication               : No active profile set, falling back to 1 default profile: "default"
2023-04-29 11:41:14.898  INFO 17288 --- [main] .s.d.r.c.RepositoryConfigurationDelegate : Bootstrapping Spring Data JPA repositories in DEFAULT mode.
2023-04-29 11:41:15.066  INFO 17288 --- [main] .s.d.r.c.RepositoryConfigurationDelegate : Finished Spring Data repository scanning in 151 ms. Found 9 JPA repository interfaces.
2023-04-29 11:41:16.704  INFO 17288 --- [main] o.s.b.w.embedded.tomcat.TomcatWebServer  : Tomcat initialized with port(s): 8080 (http)
2023-04-29 11:41:16.724  INFO 17288 --- [main] o.apache.catalina.core.StandardService   : Starting service [Tomcat]
2023-04-29 11:41:16.724  INFO 17288 --- [main] org.apache.catalina.core.StandardEngine  : Starting Servlet engine: [Apache Tomcat/9.0.62]
2023-04-29 11:41:16.913  INFO 17288 --- [main] o.a.c.c.C.[Tomcat].[localhost].[/]       : Initializing Spring embedded WebApplicationContext
2023-04-29 11:41:16.913  INFO 17288 --- [main] w.s.c.ServletWebServerApplicationContext : Root WebApplicationContext: initialization completed in 3714 ms
2023-04-29 11:41:17.409  INFO 10988 --- [main] com.crm.Crm.CrmApplication               : Starting CrmApplication using Java 17.0.4.1 on DESKTOP-K9VT9F2 with PID 10988 (C:\Users\NIZAR\IdeaProjects\crm-backend\target\classes started by NIZAR in C:\Users\NIZAR\IdeaProjects\crm-backend)
2023-04-29 11:41:17.414  INFO 10988 --- [main] com.crm.Crm.CrmApplication               : No active profile set, falling back to 1 default profile: "default"
2023-04-29 11:41:17.861  INFO 17288 --- [main] com.zaxxer.hikari.HikariDataSource       : HikariPool-1 - Starting...
2023-04-29 11:41:17.872  WARN 17288 --- [main] com.zaxxer.hikari.util.DriverDataSource  : Registered driver with driverClassName=com.mysql.jdbc.Driver was not found, trying direct instantiation.
2023-04-29 11:41:18.594  INFO 17288 --- [main] com.zaxxer.hikari.HikariDataSource       : HikariPool-1 - Start completed.
2023-04-29 11:41:19.218  INFO 17288 --- [main] o.hibernate.jpa.internal.util.LogHelper  : HHH000204: Processing PersistenceUnitInfo [name: default]
2023-04-29 11:41:19.369  INFO 17288 --- [main] org.hibernate.Version                    : HHH000412: Hibernate ORM core version 5.6.8.Final
2023-04-29 11:41:19.629  INFO 10988 --- [main] .s.d.r.c.RepositoryConfigurationDelegate : Bootstrapping Spring Data JPA repositories in DEFAULT mode.
2023-04-29 11:41:19.802  INFO 17288 --- [main] o.hibernate.annotations.common.Version   : HCANN000001: Hibernate Commons Annotations {5.1.2.Final}
2023-04-29 11:41:19.929  INFO 10988 --- [main] .s.d.r.c.RepositoryConfigurationDelegate : Finished Spring Data repository scanning in 279 ms. Found 9 JPA repository interfaces.
2023-04-29 11:41:20.205  INFO 17288 --- [main] org.hibernate.dialect.Dialect            : HHH000400: Using dialect: org.hibernate.dialect.MySQL57Dialect
2023-04-29 11:41:20.632  INFO 17288 --- [main] o.hibernate.id.enhanced.TableGenerator   : HHH000398: Explicit segment value for id generator [hibernate_sequences.sequence_name] suggested; using default [default]
2023-04-29 11:41:21.524  INFO 10988 --- [main] o.s.b.w.embedded.tomcat.TomcatWebServer  : Tomcat initialized with port(s): 8080 (http)
2023-04-29 11:41:21.539  INFO 10988 --- [main] o.apache.catalina.core.StandardService   : Starting service [Tomcat]
2023-04-29 11:41:21.539  INFO 10988 --- [main] org.apache.catalina.core.StandardEngine  : Starting Servlet engine: [Apache Tomcat/9.0.62]
2023-04-29 11:41:21.832  INFO 10988 --- [main] o.a.c.c.C.[Tomcat].[localhost].[/]       : Initializing Spring embedded WebApplicationContext
2023-04-29 11:41:21.832  INFO 10988 --- [main] w.s.c.ServletWebServerApplicationContext : Root WebApplicationContext: initialization completed in 4274 ms
2023-04-29 11:41:22.202  INFO 17288 --- [main] o.h.e.t.j.p.i.JtaPlatformInitiator       : HHH000490: Using JtaPlatform implementation: [org.hibernate.engine.transaction.jta.platform.internal.NoJtaPlatform]
2023-04-29 11:41:22.219  INFO 17288 --- [main] j.LocalContainerEntityManagerFactoryBean : Initialized JPA EntityManagerFactory for persistence unit 'default'
2023-04-29 11:41:22.773  INFO 10988 --- [main] com.zaxxer.hikari.HikariDataSource       : HikariPool-1 - Starting...
2023-04-29 11:41:22.781  WARN 10988 --- [main] com.zaxxer.hikari.util.DriverDataSource  : Registered driver with driverClassName=com.mysql.jdbc.Driver was not found, trying direct instantiation.
2023-04-29 11:41:23.496  INFO 10988 --- [main] com.zaxxer.hikari.HikariDataSource       : HikariPool-1 - Start completed.
2023-04-29 11:41:24.340  INFO 10988 --- [main] o.hibernate.jpa.internal.util.LogHelper  : HHH000204: Processing PersistenceUnitInfo [name: default]
2023-04-29 11:41:24.450  INFO 10988 --- [main] org.hibernate.Version                    : HHH000412: Hibernate ORM core version 5.6.8.Final
2023-04-29 11:41:24.536  WARN 17288 --- [main] JpaBaseConfiguration$JpaWebConfiguration : spring.jpa.open-in-view is enabled by default. Therefore, database queries may be performed during view rendering. Explicitly configure spring.jpa.open-in-view to disable this warning
2023-04-29 11:41:24.884  INFO 10988 --- [main] o.hibernate.annotations.common.Version   : HCANN000001: Hibernate Commons Annotations {5.1.2.Final}
2023-04-29 11:41:25.252  INFO 10988 --- [main] org.hibernate.dialect.Dialect            : HHH000400: Using dialect: org.hibernate.dialect.MySQL57Dialect
2023-04-29 11:41:25.729  INFO 10988 --- [main] o.hibernate.id.enhanced.TableGenerator   : HHH000398: Explicit segment value for id generator [hibernate_sequences.sequence_name] suggested; using default [default]
2023-04-29 11:41:26.562  INFO 17288 --- [main] o.s.s.web.DefaultSecurityFilterChain     : Will secure any request with [org.springframework.security.web.context.request.async.WebAsyncManagerIntegrationFilter@16ac67e3, org.springframework.security.web.context.SecurityContextPersistenceFilter@58ec04f4, org.springframework.security.web.header.HeaderWriterFilter@18206382, org.springframework.security.web.authentication.logout.LogoutFilter@7a4c1a6c, com.crm.Crm.config.CustomAuthorizationFilter@eb5471c, com.crm.Crm.config.CustomAuthenticationFilter@60f6d689, org.springframework.security.web.savedrequest.RequestCacheAwareFilter@2bdf6c7c, org.springframework.security.web.servletapi.SecurityContextHolderAwareRequestFilter@39d4f046, org.springframework.security.web.authentication.AnonymousAuthenticationFilter@6a90b5e8, org.springframework.security.web.session.SessionManagementFilter@a642c54, org.springframework.security.web.access.ExceptionTranslationFilter@16117d9, org.springframework.security.web.access.intercept.FilterSecurityInterceptor@174e5929]
2023-04-29 11:41:27.192  INFO 10988 --- [main] o.h.e.t.j.p.i.JtaPlatformInitiator       : HHH000490: Using JtaPlatform implementation: [org.hibernate.engine.transaction.jta.platform.internal.NoJtaPlatform]
2023-04-29 11:41:27.205  INFO 10988 --- [main] j.LocalContainerEntityManagerFactoryBean : Initialized JPA EntityManagerFactory for persistence unit 'default'
2023-04-29 11:41:29.597  WARN 10988 --- [main] JpaBaseConfiguration$JpaWebConfiguration : spring.jpa.open-in-view is enabled by default. Therefore, database queries may be performed during view rendering. Explicitly configure spring.jpa.open-in-view to disable this warning
2023-04-29 11:41:31.511  INFO 10988 --- [main] o.s.s.web.DefaultSecurityFilterChain     : Will secure any request with [org.springframework.security.web.context.request.async.WebAsyncManagerIntegrationFilter@48900d4a, org.springframework.security.web.context.SecurityContextPersistenceFilter@32192a69, org.springframework.security.web.header.HeaderWriterFilter@655875bb, org.springframework.security.web.authentication.logout.LogoutFilter@4cb0e39e, com.crm.Crm.config.CustomAuthorizationFilter@ba90170, com.crm.Crm.config.CustomAuthenticationFilter@452ea8f0, org.springframework.security.web.savedrequest.RequestCacheAwareFilter@730611a0, org.springframework.security.web.servletapi.SecurityContextHolderAwareRequestFilter@6b3a1151, org.springframework.security.web.authentication.AnonymousAuthenticationFilter@e417628, org.springframework.security.web.session.SessionManagementFilter@5d180628, org.springframework.security.web.access.ExceptionTranslationFilter@7b6c3b37, org.springframework.security.web.access.intercept.FilterSecurityInterceptor@11c372e9]
2023-04-29 11:41:32.779  WARN 17288 --- [main] o.s.b.a.batch.JpaBatchConfigurer         : JPA does not support custom isolation levels, so locks may not be taken when launching Jobs
2023-04-29 11:41:32.784  INFO 17288 --- [main] o.s.b.c.r.s.JobRepositoryFactoryBean     : No database type set, using meta data indicating: MYSQL
2023-04-29 11:41:32.839  INFO 17288 --- [main] o.s.b.c.l.support.SimpleJobLauncher      : No TaskExecutor has been set, defaulting to synchronous executor.
2023-04-29 11:41:33.465  INFO 17288 --- [main] o.s.b.a.e.web.EndpointLinksResolver      : Exposing 14 endpoint(s) beneath base path '/actuator'
2023-04-29 11:41:33.714  INFO 17288 --- [main] o.s.b.w.embedded.tomcat.TomcatWebServer  : Tomcat started on port(s): 8080 (http) with context path ''
2023-04-29 11:41:34.127  INFO 17288 --- [main] com.crm.Crm.CrmApplication               : Started CrmApplication in 21.616 seconds (JVM running for 23.225)
2023-04-29 11:41:35.717  WARN 10988 --- [main] o.s.b.a.batch.JpaBatchConfigurer         : JPA does not support custom isolation levels, so locks may not be taken when launching Jobs
2023-04-29 11:41:35.725  INFO 10988 --- [main] o.s.b.c.r.s.JobRepositoryFactoryBean     : No database type set, using meta data indicating: MYSQL
2023-04-29 11:41:35.756  INFO 10988 --- [main] o.s.b.c.l.support.SimpleJobLauncher      : No TaskExecutor has been set, defaulting to synchronous executor.
2023-04-29 11:41:36.149  INFO 10988 --- [main] o.s.b.a.e.web.EndpointLinksResolver      : Exposing 14 endpoint(s) beneath base path '/actuator'
2023-04-29 11:41:36.259  WARN 10988 --- [main] ConfigServletWebServerApplicationContext : Exception encountered during context initialization - cancelling refresh attempt: org.springframework.context.ApplicationContextException: Failed to start bean 'webServerStartStop'; nested exception is org.springframework.boot.web.server.PortInUseException: Port 8080 is already in use
2023-04-29 11:41:36.279  INFO 10988 --- [main] j.LocalContainerEntityManagerFactoryBean : Closing JPA EntityManagerFactory for persistence unit 'default'
2023-04-29 11:41:36.279  INFO 10988 --- [main] com.zaxxer.hikari.HikariDataSource       : HikariPool-1 - Shutdown initiated...
2023-04-29 11:41:36.289  INFO 10988 --- [main] com.zaxxer.hikari.HikariDataSource       : HikariPool-1 - Shutdown completed.
2023-04-29 11:41:36.305  INFO 10988 --- [main] o.apache.catalina.core.StandardService   : Stopping service [Tomcat]
2023-04-29 11:41:36.339  INFO 10988 --- [main] ConditionEvaluationReportLoggingListener : 

Error starting ApplicationContext. To display the conditions report re-run your application with 'debug' enabled.
2023-04-29 11:41:36.370 ERROR 10988 --- [main] o.s.b.d.LoggingFailureAnalysisReporter   : 

***************************
APPLICATION FAILED TO START
***************************

Description:

Web server failed to start. Port 8080 was already in use.

Action:

Identify and stop the process that's listening on port 8080 or configure this application to listen on another port.

2023-04-29 11:42:00.439  INFO 17288 --- [SpringApplicationShutdownHook] j.LocalContainerEntityManagerFactoryBean : Closing JPA EntityManagerFactory for persistence unit 'default'
2023-04-29 11:42:00.441  INFO 17288 --- [SpringApplicationShutdownHook] com.zaxxer.hikari.HikariDataSource       : HikariPool-1 - Shutdown initiated...
2023-04-29 11:42:00.450  INFO 17288 --- [SpringApplicationShutdownHook] com.zaxxer.hikari.HikariDataSource       : HikariPool-1 - Shutdown completed.
2023-04-29 11:42:07.660  INFO 2456 --- [main] com.crm.Crm.CrmApplication               : Starting CrmApplication using Java 17.0.4.1 on DESKTOP-K9VT9F2 with PID 2456 (C:\Users\NIZAR\IdeaProjects\crm-backend\target\classes started by NIZAR in C:\Users\NIZAR\IdeaProjects\crm-backend)
2023-04-29 11:42:07.666  INFO 2456 --- [main] com.crm.Crm.CrmApplication               : No active profile set, falling back to 1 default profile: "default"
2023-04-29 11:42:09.309  INFO 2456 --- [main] .s.d.r.c.RepositoryConfigurationDelegate : Bootstrapping Spring Data JPA repositories in DEFAULT mode.
2023-04-29 11:42:09.424  INFO 2456 --- [main] .s.d.r.c.RepositoryConfigurationDelegate : Finished Spring Data repository scanning in 99 ms. Found 9 JPA repository interfaces.
2023-04-29 11:42:10.217  INFO 2456 --- [main] o.s.b.w.embedded.tomcat.TomcatWebServer  : Tomcat initialized with port(s): 8080 (http)
2023-04-29 11:42:10.229  INFO 2456 --- [main] o.apache.catalina.core.StandardService   : Starting service [Tomcat]
2023-04-29 11:42:10.230  INFO 2456 --- [main] org.apache.catalina.core.StandardEngine  : Starting Servlet engine: [Apache Tomcat/9.0.62]
2023-04-29 11:42:10.347  INFO 2456 --- [main] o.a.c.c.C.[Tomcat].[localhost].[/]       : Initializing Spring embedded WebApplicationContext
2023-04-29 11:42:10.347  INFO 2456 --- [main] w.s.c.ServletWebServerApplicationContext : Root WebApplicationContext: initialization completed in 2591 ms
2023-04-29 11:42:10.792  INFO 2456 --- [main] com.zaxxer.hikari.HikariDataSource       : HikariPool-1 - Starting...
2023-04-29 11:42:10.797  WARN 2456 --- [main] com.zaxxer.hikari.util.DriverDataSource  : Registered driver with driverClassName=com.mysql.jdbc.Driver was not found, trying direct instantiation.
2023-04-29 11:42:11.187  INFO 2456 --- [main] com.zaxxer.hikari.HikariDataSource       : HikariPool-1 - Start completed.
2023-04-29 11:42:11.562  INFO 2456 --- [main] o.hibernate.jpa.internal.util.LogHelper  : HHH000204: Processing PersistenceUnitInfo [name: default]
2023-04-29 11:42:11.644  INFO 2456 --- [main] org.hibernate.Version                    : HHH000412: Hibernate ORM core version 5.6.8.Final
2023-04-29 11:42:11.899  INFO 2456 --- [main] o.hibernate.annotations.common.Version   : HCANN000001: Hibernate Commons Annotations {5.1.2.Final}
2023-04-29 11:42:12.079  INFO 2456 --- [main] org.hibernate.dialect.Dialect            : HHH000400: Using dialect: org.hibernate.dialect.MySQL57Dialect
2023-04-29 11:42:12.299  INFO 2456 --- [main] o.hibernate.id.enhanced.TableGenerator   : HHH000398: Explicit segment value for id generator [hibernate_sequences.sequence_name] suggested; using default [default]
2023-04-29 11:42:13.059  INFO 2456 --- [main] o.h.e.t.j.p.i.JtaPlatformInitiator       : HHH000490: Using JtaPlatform implementation: [org.hibernate.engine.transaction.jta.platform.internal.NoJtaPlatform]
2023-04-29 11:42:13.069  INFO 2456 --- [main] j.LocalContainerEntityManagerFactoryBean : Initialized JPA EntityManagerFactory for persistence unit 'default'
2023-04-29 11:42:14.029  WARN 2456 --- [main] JpaBaseConfiguration$JpaWebConfiguration : spring.jpa.open-in-view is enabled by default. Therefore, database queries may be performed during view rendering. Explicitly configure spring.jpa.open-in-view to disable this warning
2023-04-29 11:42:14.850  INFO 2456 --- [main] o.s.s.web.DefaultSecurityFilterChain     : Will secure any request with [org.springframework.security.web.context.request.async.WebAsyncManagerIntegrationFilter@52b2713a, org.springframework.security.web.context.SecurityContextPersistenceFilter@6101fd7d, org.springframework.security.web.header.HeaderWriterFilter@3956df0a, org.springframework.security.web.authentication.logout.LogoutFilter@46bbcb82, com.crm.Crm.config.CustomAuthorizationFilter@54e39504, com.crm.Crm.config.CustomAuthenticationFilter@2bdf6c7c, org.springframework.security.web.savedrequest.RequestCacheAwareFilter@24c7b944, org.springframework.security.web.servletapi.SecurityContextHolderAwareRequestFilter@44f6ac4f, org.springframework.security.web.authentication.AnonymousAuthenticationFilter@13ac1657, org.springframework.security.web.session.SessionManagementFilter@301b89e1, org.springframework.security.web.access.ExceptionTranslationFilter@365c8a47, org.springframework.security.web.access.intercept.FilterSecurityInterceptor@484dde7d]
2023-04-29 11:42:17.159  WARN 2456 --- [main] o.s.b.a.batch.JpaBatchConfigurer         : JPA does not support custom isolation levels, so locks may not be taken when launching Jobs
2023-04-29 11:42:17.159  INFO 2456 --- [main] o.s.b.c.r.s.JobRepositoryFactoryBean     : No database type set, using meta data indicating: MYSQL
2023-04-29 11:42:17.209  INFO 2456 --- [main] o.s.b.c.l.support.SimpleJobLauncher      : No TaskExecutor has been set, defaulting to synchronous executor.
2023-04-29 11:42:17.489  INFO 2456 --- [main] o.s.b.a.e.web.EndpointLinksResolver      : Exposing 14 endpoint(s) beneath base path '/actuator'
2023-04-29 11:42:17.589  INFO 2456 --- [main] o.s.b.w.embedded.tomcat.TomcatWebServer  : Tomcat started on port(s): 8080 (http) with context path ''
2023-04-29 11:42:17.729  INFO 2456 --- [main] com.crm.Crm.CrmApplication               : Started CrmApplication in 10.72 seconds (JVM running for 11.235)
2023-04-29 11:43:00.094  INFO 2456 --- [http-nio-8080-exec-1] o.a.c.c.C.[Tomcat].[localhost].[/]       : Initializing Spring DispatcherServlet 'dispatcherServlet'
2023-04-29 11:43:00.095  INFO 2456 --- [http-nio-8080-exec-1] o.s.web.servlet.DispatcherServlet        : Initializing Servlet 'dispatcherServlet'
2023-04-29 11:43:00.095  INFO 2456 --- [http-nio-8080-exec-1] o.s.web.servlet.DispatcherServlet        : Completed initialization in 0 ms
2023-04-29 11:43:00.249  INFO 2456 --- [http-nio-8080-exec-1] c.crm.Crm.service.impl.UserServiceImpl   : User found in the database: admin
2023-04-29 11:43:40.781  INFO 2456 --- [SpringApplicationShutdownHook] j.LocalContainerEntityManagerFactoryBean : Closing JPA EntityManagerFactory for persistence unit 'default'
2023-04-29 11:43:40.781  INFO 2456 --- [SpringApplicationShutdownHook] com.zaxxer.hikari.HikariDataSource       : HikariPool-1 - Shutdown initiated...
2023-04-29 11:43:40.789  INFO 2456 --- [SpringApplicationShutdownHook] com.zaxxer.hikari.HikariDataSource       : HikariPool-1 - Shutdown completed.
